Using pre-set license
Built from '2020.2/release' branch; Version is '2020.2.1f1 (270dd8c3da1c) revision 2559448'; Using compiler version '192528614'; Build Type 'Release'
OS: 'Windows 10  (10.0.0) 64bit' Language: 'es' Physical Memory: 8157 MB
BatchMode: 1, IsHumanControllingUs: 0, StartBugReporterOnCrash: 0, Is64bit: 1, IsPro: 0

 COMMAND LINE ARGUMENTS:
C:\Program Files\Unity\Hub\Editor\2020.2.1f1\Editor\Unity.exe
-adb2
-batchMode
-noUpm
-name
AssetImportWorker0
-projectPath
C:/msys64/home/the_l/the_loading_adventure/the_loading_adventure
-logFile
Logs/AssetImportWorker0.log
-srvPort
58884
Successfully changed project path to: C:/msys64/home/the_l/the_loading_adventure/the_loading_adventure
C:/msys64/home/the_l/the_loading_adventure/the_loading_adventure
Using Asset Import Pipeline V2.
Refreshing native plugins compatible for Editor in 49.28 ms, found 1 plugins.
Preloading 0 native plugins for Editor in 0.00 ms.
Initialize engine version: 2020.2.1f1 (270dd8c3da1c)
[Subsystems] Discovering subsystems at path C:/Program Files/Unity/Hub/Editor/2020.2.1f1/Editor/Data/Resources/UnitySubsystems
[Subsystems] Discovering subsystems at path C:/msys64/home/the_l/the_loading_adventure/the_loading_adventure/Assets
GfxDevice: creating device client; threaded=0
Direct3D:
    Version:  Direct3D 11.0 [level 11.0]
    Renderer: NVIDIA GeForce GTX 750 Ti (ID=0x1380)
    Vendor:   
    VRAM:     2007 MB
    Driver:   30.0.15.1215
Initialize mono
Mono path[0] = 'C:/Program Files/Unity/Hub/Editor/2020.2.1f1/Editor/Data/Managed'
Mono path[1] = 'C:/Program Files/Unity/Hub/Editor/2020.2.1f1/Editor/Data/MonoBleedingEdge/lib/mono/unityjit'
Mono config path = 'C:/Program Files/Unity/Hub/Editor/2020.2.1f1/Editor/Data/MonoBleedingEdge/etc'
Using monoOptions --debugger-agent=transport=dt_socket,embedding=1,server=y,suspend=n,address=127.0.0.1:56140
Begin MonoManager ReloadAssembly
Registering precompiled unity dll's ...
Register platform support module: C:/Program Files/Unity/Hub/Editor/2020.2.1f1/Editor/Data/PlaybackEngines/WebGLSupport/UnityEditor.WebGL.Extensions.dll
Register platform support module: C:/Program Files/Unity/Hub/Editor/2020.2.1f1/Editor/Data/PlaybackEngines/MacStandaloneSupport/UnityEditor.OSXStandalone.Extensions.dll
Register platform support module: C:/Program Files/Unity/Hub/Editor/2020.2.1f1/Editor/Data/PlaybackEngines/WindowsStandaloneSupport/UnityEditor.WindowsStandalone.Extensions.dll
Register platform support module: C:/Program Files/Unity/Hub/Editor/2020.2.1f1/Editor/Data/PlaybackEngines/LinuxStandaloneSupport/UnityEditor.LinuxStandalone.Extensions.dll
Registered in 0.003360 seconds.
Native extension for LinuxStandalone target not found
Native extension for WindowsStandalone target not found
Native extension for OSXStandalone target not found
Native extension for WebGL target not found
Refreshing native plugins compatible for Editor in 39.32 ms, found 1 plugins.
Preloading 0 native plugins for Editor in 0.00 ms.
Invoked RoslynAnalysisRunner static constructor.
RoslynAnalysisRunner will not be running.
RoslynAnalysisRunner has terminated.
Mono: successfully reloaded assembly
- Completed reload, in  2.241 seconds
Platform modules already initialized, skipping
Registering precompiled user dll's ...
Registered in 0.001036 seconds.
Begin MonoManager ReloadAssembly
Native extension for LinuxStandalone target not found
Native extension for WindowsStandalone target not found
Native extension for OSXStandalone target not found
Native extension for WebGL target not found
Refreshing native plugins compatible for Editor in 38.83 ms, found 1 plugins.
Preloading 0 native plugins for Editor in 0.00 ms.
Invoked RoslynAnalysisRunner static constructor.
RoslynAnalysisRunner will not be running.
RoslynAnalysisRunner has terminated.
Mono: successfully reloaded assembly
- Completed reload, in  1.010 seconds
Platform modules already initialized, skipping
========================================================================
Worker process is ready to serve import requests
Launched and connected shader compiler UnityShaderCompiler.exe after 0.05 seconds
Refreshing native plugins compatible for Editor in 0.30 ms, found 1 plugins.
Preloading 0 native plugins for Editor in 0.00 ms.
Unloading 1787 Unused Serialized files (Serialized files now loaded: 0)
System memory in use before: 83.6 MB.
System memory in use after: 83.6 MB.

Unloading 24 unused Assets to reduce memory usage. Loaded Objects now: 2226.
Total: 2.012800 ms (FindLiveObjects: 0.151500 ms CreateObjectMapping: 0.058500 ms MarkObjects: 1.684900 ms  DeleteObjects: 0.116900 ms)

========================================================================
Received Import Request.
  path: Assets
  artifactKey: Guid(00000000000000001000000000000000) Importer(815301076,1909f56bfc062723c751e8b465ee728b)
Start importing Assets using Guid(00000000000000001000000000000000) Importer(815301076,1909f56bfc062723c751e8b465ee728b)  -> (artifact id: 'e1a2c4dac9df7c17871e19a3b74f0e9f') in 0.008396 seconds
  Import took 0.012407 seconds .

========================================================================
Received Import Request.
  Time since last request: 7.151726 seconds.
  path: Assets/Scripts
  artifactKey: Guid(6247018bfa546a6419c0c938b4c9c6db) Importer(815301076,1909f56bfc062723c751e8b465ee728b)
Start importing Assets/Scripts using Guid(6247018bfa546a6419c0c938b4c9c6db) Importer(815301076,1909f56bfc062723c751e8b465ee728b)  -> (artifact id: 'f709d9457e2a1fb61ea7cff06ac08a18') in 0.009141 seconds
  Import took 0.013063 seconds .

========================================================================
Received Import Request.
  Time since last request: 12.555873 seconds.
  path: Assets/Sprites
  artifactKey: Guid(69d081268e720a94ea2818bfadc37654) Importer(815301076,1909f56bfc062723c751e8b465ee728b)
Start importing Assets/Sprites using Guid(69d081268e720a94ea2818bfadc37654) Importer(815301076,1909f56bfc062723c751e8b465ee728b)  -> (artifact id: '5c1074e87d8dc58b6ae156d584ee8e7e') in 0.010266 seconds
  Import took 0.014858 seconds .

========================================================================
Received Import Request.
  Time since last request: 124.488399 seconds.
  path: Assets/Scripts/Andaar.cs
  artifactKey: Guid(702d12257a0e0f849bf6acf1b964c4c1) Importer(815301076,1909f56bfc062723c751e8b465ee728b)
Start importing Assets/Scripts/Andaar.cs using Guid(702d12257a0e0f849bf6acf1b964c4c1) Importer(815301076,1909f56bfc062723c751e8b465ee728b)  -> (artifact id: '93b58d4111ce4ca98bd24ed791e33615') in 0.049876 seconds
  Import took 0.053778 seconds .

========================================================================
Received Prepare
Registering precompiled user dll's ...
Registered in 0.001173 seconds.
Begin MonoManager ReloadAssembly
Native extension for LinuxStandalone target not found
Native extension for WindowsStandalone target not found
Native extension for OSXStandalone target not found
Native extension for WebGL target not found
Refreshing native plugins compatible for Editor in 0.98 ms, found 1 plugins.
Preloading 0 native plugins for Editor in 0.00 ms.
Invoked RoslynAnalysisRunner static constructor.
RoslynAnalysisRunner will not be running.
RoslynAnalysisRunner has terminated.
Mono: successfully reloaded assembly
- Completed reload, in  0.900 seconds
Platform modules already initialized, skipping
Refreshing native plugins compatible for Editor in 0.31 ms, found 1 plugins.
Preloading 0 native plugins for Editor in 0.00 ms.
Unloading 1783 Unused Serialized files (Serialized files now loaded: 0)
System memory in use before: 83.7 MB.
System memory in use after: 83.7 MB.

Unloading 12 unused Assets to reduce memory usage. Loaded Objects now: 2230.
Total: 1.799700 ms (FindLiveObjects: 0.171600 ms CreateObjectMapping: 0.057800 ms MarkObjects: 1.485700 ms  DeleteObjects: 0.083800 ms)

========================================================================
Received Prepare
Registering precompiled user dll's ...
Registered in 0.001144 seconds.
Begin MonoManager ReloadAssembly
Native extension for LinuxStandalone target not found
Native extension for WindowsStandalone target not found
Native extension for OSXStandalone target not found
Native extension for WebGL target not found
Refreshing native plugins compatible for Editor in 0.34 ms, found 1 plugins.
Preloading 0 native plugins for Editor in 0.00 ms.
Invoked RoslynAnalysisRunner static constructor.
RoslynAnalysisRunner will not be running.
RoslynAnalysisRunner has terminated.
Mono: successfully reloaded assembly
- Completed reload, in  0.854 seconds
Platform modules already initialized, skipping
Refreshing native plugins compatible for Editor in 0.48 ms, found 1 plugins.
Preloading 0 native plugins for Editor in 0.00 ms.
Unloading 1782 Unused Serialized files (Serialized files now loaded: 0)
System memory in use before: 83.7 MB.
System memory in use after: 83.7 MB.

Unloading 13 unused Assets to reduce memory usage. Loaded Objects now: 2232.
Total: 2.127500 ms (FindLiveObjects: 0.248300 ms CreateObjectMapping: 0.071200 ms MarkObjects: 1.720200 ms  DeleteObjects: 0.087100 ms)

========================================================================
Received Import Request.
  Time since last request: 19.600487 seconds.
  path: Assets/Scripts/andar.cs
  artifactKey: Guid(99b1f802de20e5c4882cfdeae0520ee1) Importer(815301076,1909f56bfc062723c751e8b465ee728b)
Start importing Assets/Scripts/andar.cs using Guid(99b1f802de20e5c4882cfdeae0520ee1) Importer(815301076,1909f56bfc062723c751e8b465ee728b)  -> (artifact id: 'e5d5a7a59705551223e94127b51a9efc') in 0.009197 seconds
  Import took 0.015182 seconds .

========================================================================
Received Import Request.
  Time since last request: 0.016792 seconds.
  path: Assets/Scripts/andar.cs
  artifactKey: Guid(99b1f802de20e5c4882cfdeae0520ee1) Importer(815301076,1909f56bfc062723c751e8b465ee728b)
Start importing Assets/Scripts/andar.cs using Guid(99b1f802de20e5c4882cfdeae0520ee1) Importer(815301076,1909f56bfc062723c751e8b465ee728b)  -> (artifact id: 'e5d5a7a59705551223e94127b51a9efc') in 0.009049 seconds
  Import took 0.013593 seconds .

========================================================================
Received Prepare
Registering precompiled user dll's ...
Registered in 0.001056 seconds.
Begin MonoManager ReloadAssembly
Native extension for LinuxStandalone target not found
Native extension for WindowsStandalone target not found
Native extension for OSXStandalone target not found
Native extension for WebGL target not found
Refreshing native plugins compatible for Editor in 0.30 ms, found 1 plugins.
Preloading 0 native plugins for Editor in 0.00 ms.
Invoked RoslynAnalysisRunner static constructor.
RoslynAnalysisRunner will not be running.
RoslynAnalysisRunner has terminated.
Mono: successfully reloaded assembly
- Completed reload, in  0.883 seconds
Platform modules already initialized, skipping
Refreshing native plugins compatible for Editor in 0.34 ms, found 1 plugins.
Preloading 0 native plugins for Editor in 0.00 ms.
Unloading 1783 Unused Serialized files (Serialized files now loaded: 0)
System memory in use before: 83.8 MB.
System memory in use after: 83.8 MB.

Unloading 12 unused Assets to reduce memory usage. Loaded Objects now: 2236.
Total: 1.769700 ms (FindLiveObjects: 0.199100 ms CreateObjectMapping: 0.059100 ms MarkObjects: 1.418000 ms  DeleteObjects: 0.092600 ms)

========================================================================
Received Prepare
Registering precompiled user dll's ...
Registered in 0.006003 seconds.
Begin MonoManager ReloadAssembly
Native extension for LinuxStandalone target not found
Native extension for WindowsStandalone target not found
Native extension for OSXStandalone target not found
Native extension for WebGL target not found
Refreshing native plugins compatible for Editor in 0.42 ms, found 1 plugins.
Preloading 0 native plugins for Editor in 0.00 ms.
Invoked RoslynAnalysisRunner static constructor.
RoslynAnalysisRunner will not be running.
RoslynAnalysisRunner has terminated.
Mono: successfully reloaded assembly
- Completed reload, in  1.163 seconds
Platform modules already initialized, skipping
Refreshing native plugins compatible for Editor in 0.35 ms, found 1 plugins.
Preloading 0 native plugins for Editor in 0.00 ms.
Unloading 1783 Unused Serialized files (Serialized files now loaded: 0)
System memory in use before: 83.9 MB.
System memory in use after: 83.9 MB.

Unloading 12 unused Assets to reduce memory usage. Loaded Objects now: 2239.
Total: 3.094800 ms (FindLiveObjects: 0.413500 ms CreateObjectMapping: 0.148000 ms MarkObjects: 2.411400 ms  DeleteObjects: 0.120600 ms)

========================================================================
Received Import Request.
  Time since last request: 397.205470 seconds.
  path: Assets/Scripts/andar.cs
  artifactKey: Guid(99b1f802de20e5c4882cfdeae0520ee1) Importer(815301076,1909f56bfc062723c751e8b465ee728b)
Start importing Assets/Scripts/andar.cs using Guid(99b1f802de20e5c4882cfdeae0520ee1) Importer(815301076,1909f56bfc062723c751e8b465ee728b)  -> (artifact id: '43a32c2956e74934028b23e691052683') in 0.011541 seconds
  Import took 0.015532 seconds .

========================================================================
Received Import Request.
  Time since last request: 269.270865 seconds.
  path: Assets/Sprites/PersonajeCorriendo.png
  artifactKey: Guid(62af316e730e42c43a5f9dd418fa192c) Importer(815301076,1909f56bfc062723c751e8b465ee728b)
Start importing Assets/Sprites/PersonajeCorriendo.png using Guid(62af316e730e42c43a5f9dd418fa192c) Importer(815301076,1909f56bfc062723c751e8b465ee728b)  -> (artifact id: '059d2ee91103bfecdd6f02d77b6e6afd') in 0.530629 seconds
  Import took 0.534559 seconds .

========================================================================
Received Import Request.
  Time since last request: 14.798811 seconds.
  path: Assets/Sprites/PersonajeCorriendo.png
  artifactKey: Guid(62af316e730e42c43a5f9dd418fa192c) Importer(815301076,1909f56bfc062723c751e8b465ee728b)
Start importing Assets/Sprites/PersonajeCorriendo.png using Guid(62af316e730e42c43a5f9dd418fa192c) Importer(815301076,1909f56bfc062723c751e8b465ee728b)  -> (artifact id: 'c9545728dd5ae3f3ac25c7c6a164c88c') in 0.034009 seconds
  Import took 0.040128 seconds .

========================================================================
Received Import Request.
  Time since last request: 39.233678 seconds.
  path: Assets/Sprites/PersonajeCorriendo.png
  artifactKey: Guid(62af316e730e42c43a5f9dd418fa192c) Importer(815301076,1909f56bfc062723c751e8b465ee728b)
Start importing Assets/Sprites/PersonajeCorriendo.png using Guid(62af316e730e42c43a5f9dd418fa192c) Importer(815301076,1909f56bfc062723c751e8b465ee728b)  -> (artifact id: 'fc5c7301932e9dff88de7f7210f481de') in 0.046992 seconds
  Import took 0.054278 seconds .

========================================================================
Received Import Request.
  Time since last request: 5.141230 seconds.
  path: Assets/Sprites/PersonajeQuieto.png
  artifactKey: Guid(e3513db1567123140abdd369895f4678) Importer(815301076,1909f56bfc062723c751e8b465ee728b)
Start importing Assets/Sprites/PersonajeQuieto.png using Guid(e3513db1567123140abdd369895f4678) Importer(815301076,1909f56bfc062723c751e8b465ee728b)  -> (artifact id: '3c8bcd02fb9950ae10ec98ac46e3c43c') in 0.067808 seconds
  Import took 0.074760 seconds .

========================================================================
Received Import Request.
  Time since last request: 6.137150 seconds.
  path: Assets/Sprites/PersonajeQuieto.png
  artifactKey: Guid(e3513db1567123140abdd369895f4678) Importer(815301076,1909f56bfc062723c751e8b465ee728b)
Start importing Assets/Sprites/PersonajeQuieto.png using Guid(e3513db1567123140abdd369895f4678) Importer(815301076,1909f56bfc062723c751e8b465ee728b)  -> (artifact id: '9dd6ce22985153693d667a5dac237cbe') in 0.041329 seconds
  Import took 0.045033 seconds .

========================================================================
Received Import Request.
  Time since last request: 24.666707 seconds.
  path: Assets/Sprites/PersonajeQuieto.png
  artifactKey: Guid(e3513db1567123140abdd369895f4678) Importer(815301076,1909f56bfc062723c751e8b465ee728b)
Start importing Assets/Sprites/PersonajeQuieto.png using Guid(e3513db1567123140abdd369895f4678) Importer(815301076,1909f56bfc062723c751e8b465ee728b)  -> (artifact id: 'f75a99841b27ebdf516cb84c1383c2a8') in 0.038848 seconds
  Import took 0.047185 seconds .

========================================================================
Received Import Request.
  Time since last request: 20.747362 seconds.
  path: Assets/Animaciones
  artifactKey: Guid(09213edca5867df4fa1a6a8b0ede5047) Importer(815301076,1909f56bfc062723c751e8b465ee728b)
Start importing Assets/Animaciones using Guid(09213edca5867df4fa1a6a8b0ede5047) Importer(815301076,1909f56bfc062723c751e8b465ee728b)  -> (artifact id: 'bf92be3b7b58d5a3d5decada64f700ba') in 0.034574 seconds
  Import took 0.044971 seconds .

========================================================================
Received Import Request.
  Time since last request: 14.541773 seconds.
  path: Assets/Sprites/PersonajeQuieto.png
  artifactKey: Guid(e3513db1567123140abdd369895f4678) Importer(815301076,1909f56bfc062723c751e8b465ee728b)
Start importing Assets/Sprites/PersonajeQuieto.png using Guid(e3513db1567123140abdd369895f4678) Importer(815301076,1909f56bfc062723c751e8b465ee728b)  -> (artifact id: '93b0486435c56efec276c8a4e945d0f1') in 0.036675 seconds
  Import took 0.039769 seconds .

========================================================================
Received Import Request.
  Time since last request: 6.403861 seconds.
  path: Assets/Sprites/PersonajeCorriendo.png
  artifactKey: Guid(62af316e730e42c43a5f9dd418fa192c) Importer(815301076,1909f56bfc062723c751e8b465ee728b)
Start importing Assets/Sprites/PersonajeCorriendo.png using Guid(62af316e730e42c43a5f9dd418fa192c) Importer(815301076,1909f56bfc062723c751e8b465ee728b)  -> (artifact id: 'e25bf45bb901ed63afb7e86bd7745b63') in 0.028988 seconds
  Import took 0.033169 seconds .

========================================================================
Received Import Request.
  Time since last request: 53.605297 seconds.
  path: Assets/Animaciones/Player.controller
  artifactKey: Guid(eea59dfb77cdc3b4db4745e6ca3fe1f5) Importer(815301076,1909f56bfc062723c751e8b465ee728b)
Start importing Assets/Animaciones/Player.controller using Guid(eea59dfb77cdc3b4db4745e6ca3fe1f5) Importer(815301076,1909f56bfc062723c751e8b465ee728b)  -> (artifact id: 'be99c33a882a9fb23851a37c9c4ba83d') in 0.031584 seconds
  Import took 0.036393 seconds .

========================================================================
Received Import Request.
  Time since last request: 27.762822 seconds.
  path: Assets/Animaciones/player.unity
  artifactKey: Guid(f9caecab2412372479c4fd76342bc918) Importer(815301076,1909f56bfc062723c751e8b465ee728b)
Start importing Assets/Animaciones/player.unity using Guid(f9caecab2412372479c4fd76342bc918) Importer(815301076,1909f56bfc062723c751e8b465ee728b)  -> (artifact id: '322954c71e69424f43322c444107b602') in 0.030684 seconds
  Import took 0.042576 seconds .

========================================================================
Received Prepare
Registering precompiled user dll's ...
Registered in 0.006480 seconds.
Begin MonoManager ReloadAssembly
Native extension for LinuxStandalone target not found
Native extension for WindowsStandalone target not found
Native extension for OSXStandalone target not found
Native extension for WebGL target not found
Refreshing native plugins compatible for Editor in 1.36 ms, found 1 plugins.
Preloading 0 native plugins for Editor in 0.00 ms.
Invoked RoslynAnalysisRunner static constructor.
RoslynAnalysisRunner will not be running.
RoslynAnalysisRunner has terminated.
Mono: successfully reloaded assembly
- Completed reload, in  1.187 seconds
Platform modules already initialized, skipping
Refreshing native plugins compatible for Editor in 0.34 ms, found 1 plugins.
Preloading 0 native plugins for Editor in 0.00 ms.
Unloading 1783 Unused Serialized files (Serialized files now loaded: 0)
System memory in use before: 87.0 MB.
System memory in use after: 87.0 MB.

Unloading 12 unused Assets to reduce memory usage. Loaded Objects now: 2250.
Total: 2.100600 ms (FindLiveObjects: 0.197500 ms CreateObjectMapping: 0.070200 ms MarkObjects: 1.741800 ms  DeleteObjects: 0.089700 ms)

========================================================================
Received Prepare
Registering precompiled user dll's ...
Registered in 0.001157 seconds.
Begin MonoManager ReloadAssembly
Native extension for LinuxStandalone target not found
Native extension for WindowsStandalone target not found
Native extension for OSXStandalone target not found
Native extension for WebGL target not found
Refreshing native plugins compatible for Editor in 0.34 ms, found 1 plugins.
Preloading 0 native plugins for Editor in 0.00 ms.
Invoked RoslynAnalysisRunner static constructor.
RoslynAnalysisRunner will not be running.
RoslynAnalysisRunner has terminated.
Mono: successfully reloaded assembly
- Completed reload, in  1.321 seconds
Platform modules already initialized, skipping
Refreshing native plugins compatible for Editor in 0.57 ms, found 1 plugins.
Preloading 0 native plugins for Editor in 0.00 ms.
Unloading 1783 Unused Serialized files (Serialized files now loaded: 0)
System memory in use before: 87.1 MB.
System memory in use after: 87.1 MB.

Unloading 12 unused Assets to reduce memory usage. Loaded Objects now: 2253.
Total: 2.991200 ms (FindLiveObjects: 0.346800 ms CreateObjectMapping: 0.126500 ms MarkObjects: 2.393500 ms  DeleteObjects: 0.121600 ms)

========================================================================
Received Import Request.
  Time since last request: 482.685664 seconds.
  path: Assets/Sprites/puerta_base.png
  artifactKey: Guid(df1a7f51c4ab01747a7e1729cb80aa55) Importer(815301076,1909f56bfc062723c751e8b465ee728b)
Start importing Assets/Sprites/puerta_base.png using Guid(df1a7f51c4ab01747a7e1729cb80aa55) Importer(815301076,1909f56bfc062723c751e8b465ee728b)  -> (artifact id: '8131abbe37f90dcb397bcc90de80ec33') in 0.160885 seconds
  Import took 0.168729 seconds .

========================================================================
Received Import Request.
  Time since last request: 3.579726 seconds.
  path: Assets/Sprites/puerta_base.png
  artifactKey: Guid(df1a7f51c4ab01747a7e1729cb80aa55) Importer(815301076,1909f56bfc062723c751e8b465ee728b)
Start importing Assets/Sprites/puerta_base.png using Guid(df1a7f51c4ab01747a7e1729cb80aa55) Importer(815301076,1909f56bfc062723c751e8b465ee728b)  -> (artifact id: '8795e0de98104d0894ab5f81bba6be5b') in 0.021463 seconds
  Import took 0.029548 seconds .

========================================================================
Received Import Request.
  Time since last request: 4.001826 seconds.
  path: Assets/Sprites/puerta_base.png
  artifactKey: Guid(df1a7f51c4ab01747a7e1729cb80aa55) Importer(815301076,1909f56bfc062723c751e8b465ee728b)
Start importing Assets/Sprites/puerta_base.png using Guid(df1a7f51c4ab01747a7e1729cb80aa55) Importer(815301076,1909f56bfc062723c751e8b465ee728b)  -> (artifact id: 'bd943c78dab7862e2298cc04bdb11fdc') in 0.018800 seconds
  Import took 0.021986 seconds .

========================================================================
Received Import Request.
  Time since last request: 21.949477 seconds.
  path: Assets/Sprites/puerta_base.png
  artifactKey: Guid(df1a7f51c4ab01747a7e1729cb80aa55) Importer(815301076,1909f56bfc062723c751e8b465ee728b)
Start importing Assets/Sprites/puerta_base.png using Guid(df1a7f51c4ab01747a7e1729cb80aa55) Importer(815301076,1909f56bfc062723c751e8b465ee728b)  -> (artifact id: '49398df8c828670f197bd5cf306156cb') in 0.013782 seconds
  Import took 0.021501 seconds .

========================================================================
Received Import Request.
  Time since last request: 84.076880 seconds.
  path: Assets/Scripts/puerta.cs
  artifactKey: Guid(33dea823ffa628f4cb840702267e3051) Importer(815301076,1909f56bfc062723c751e8b465ee728b)
Start importing Assets/Scripts/puerta.cs using Guid(33dea823ffa628f4cb840702267e3051) Importer(815301076,1909f56bfc062723c751e8b465ee728b)  -> (artifact id: '4d4b34bc12cb23ec080995eac3da2568') in 0.126193 seconds
  Import took 0.142448 seconds .

========================================================================
Received Prepare
Registering precompiled user dll's ...
Registered in 0.003032 seconds.
Begin MonoManager ReloadAssembly
Native extension for LinuxStandalone target not found
Native extension for WindowsStandalone target not found
Native extension for OSXStandalone target not found
Native extension for WebGL target not found
Refreshing native plugins compatible for Editor in 0.32 ms, found 1 plugins.
Preloading 0 native plugins for Editor in 0.00 ms.
Invoked RoslynAnalysisRunner static constructor.
RoslynAnalysisRunner will not be running.
RoslynAnalysisRunner has terminated.
Mono: successfully reloaded assembly
- Completed reload, in  4.296 seconds
Platform modules already initialized, skipping
Refreshing native plugins compatible for Editor in 0.32 ms, found 1 plugins.
Preloading 0 native plugins for Editor in 0.00 ms.
Unloading 1784 Unused Serialized files (Serialized files now loaded: 0)
System memory in use before: 87.2 MB.
System memory in use after: 87.2 MB.

Unloading 12 unused Assets to reduce memory usage. Loaded Objects now: 2260.
Total: 1.820100 ms (FindLiveObjects: 0.188600 ms CreateObjectMapping: 0.069800 ms MarkObjects: 1.476200 ms  DeleteObjects: 0.084200 ms)

========================================================================
Received Prepare
Registering precompiled user dll's ...
Registered in 0.002793 seconds.
Begin MonoManager ReloadAssembly
Native extension for LinuxStandalone target not found
Native extension for WindowsStandalone target not found
Native extension for OSXStandalone target not found
Native extension for WebGL target not found
Refreshing native plugins compatible for Editor in 0.43 ms, found 1 plugins.
Preloading 0 native plugins for Editor in 0.00 ms.
Invoked RoslynAnalysisRunner static constructor.
RoslynAnalysisRunner will not be running.
RoslynAnalysisRunner has terminated.
Mono: successfully reloaded assembly
- Completed reload, in  0.962 seconds
Platform modules already initialized, skipping
Refreshing native plugins compatible for Editor in 0.59 ms, found 1 plugins.
Preloading 0 native plugins for Editor in 0.00 ms.
Unloading 1784 Unused Serialized files (Serialized files now loaded: 0)
System memory in use before: 87.3 MB.
System memory in use after: 87.3 MB.

Unloading 12 unused Assets to reduce memory usage. Loaded Objects now: 2263.
Total: 9.978900 ms (FindLiveObjects: 0.272900 ms CreateObjectMapping: 0.087200 ms MarkObjects: 9.524800 ms  DeleteObjects: 0.091600 ms)

========================================================================
Received Import Request.
  Time since last request: 415.913624 seconds.
  path: Assets/Scripts/puerta.cs
  artifactKey: Guid(33dea823ffa628f4cb840702267e3051) Importer(815301076,1909f56bfc062723c751e8b465ee728b)
Start importing Assets/Scripts/puerta.cs using Guid(33dea823ffa628f4cb840702267e3051) Importer(815301076,1909f56bfc062723c751e8b465ee728b)  -> (artifact id: 'f50dae6406f433aabd4cbe0f0a50d528') in 0.006116 seconds
  Import took 0.009547 seconds .

========================================================================
Received Import Request.
  Time since last request: 332.876206 seconds.
  path: Assets/Scenes
  artifactKey: Guid(2593a3c8ad3aecc45894864483fc03d9) Importer(815301076,1909f56bfc062723c751e8b465ee728b)
Start importing Assets/Scenes using Guid(2593a3c8ad3aecc45894864483fc03d9) Importer(815301076,1909f56bfc062723c751e8b465ee728b)  -> (artifact id: '9be6706c933349bb71a507808908d8e6') in 0.160399 seconds
  Import took 0.203788 seconds .

========================================================================
Received Import Request.
  Time since last request: 12.838056 seconds.
  path: Assets/Scenes/PuzzleBase4.unity
  artifactKey: Guid(8e53df570cab828459c15126359a3637) Importer(815301076,1909f56bfc062723c751e8b465ee728b)
Start importing Assets/Scenes/PuzzleBase4.unity using Guid(8e53df570cab828459c15126359a3637) Importer(815301076,1909f56bfc062723c751e8b465ee728b)  -> (artifact id: 'cf089ccb7233966782257eeb058ab5e1') in 0.077646 seconds
  Import took 0.082201 seconds .

========================================================================
Received Import Request.
  Time since last request: 2.142063 seconds.
  path: Assets/Scenes/PuzzleBase.unity
  artifactKey: Guid(8e53df570cab828459c15126359a3637) Importer(815301076,1909f56bfc062723c751e8b465ee728b)
Start importing Assets/Scenes/PuzzleBase.unity using Guid(8e53df570cab828459c15126359a3637) Importer(815301076,1909f56bfc062723c751e8b465ee728b)  -> (artifact id: '5fa225e801bc25e45d96da9e0975ba04') in 0.010615 seconds
  Import took 0.014249 seconds .

========================================================================
Received Import Request.
  Time since last request: 11.301560 seconds.
  path: Assets/Scenes/SampleScene.unity
  artifactKey: Guid(2cda990e2423bbf4892e6590ba056729) Importer(815301076,1909f56bfc062723c751e8b465ee728b)
Start importing Assets/Scenes/SampleScene.unity using Guid(2cda990e2423bbf4892e6590ba056729) Importer(815301076,1909f56bfc062723c751e8b465ee728b)  -> (artifact id: '68e638b9c95263cbd6c5b1eb18544bd4') in 0.020218 seconds
  Import took 0.027053 seconds .

========================================================================
Received Import Request.
  Time since last request: 38.607953 seconds.
  path: Assets/Scenes/PantallaDeCargaBase.unity
  artifactKey: Guid(8e53df570cab828459c15126359a3637) Importer(815301076,1909f56bfc062723c751e8b465ee728b)
Start importing Assets/Scenes/PantallaDeCargaBase.unity using Guid(8e53df570cab828459c15126359a3637) Importer(815301076,1909f56bfc062723c751e8b465ee728b)  -> (artifact id: 'd507475c3d57fc4b34bd232c03a23190') in 0.017275 seconds
  Import took 0.021175 seconds .

========================================================================
Received Import Request.
  Time since last request: 586.665668 seconds.
  path: Assets/Scripts/porcentajeCarga.cs
  artifactKey: Guid(39b0cd92055731a43b6122784035237a) Importer(815301076,1909f56bfc062723c751e8b465ee728b)
Start importing Assets/Scripts/porcentajeCarga.cs using Guid(39b0cd92055731a43b6122784035237a) Importer(815301076,1909f56bfc062723c751e8b465ee728b)  -> (artifact id: '0f5df4d8403c6c250b8709c5e5380ae7') in 0.171815 seconds
  Import took 0.581444 seconds .

========================================================================
Received Prepare
Registering precompiled user dll's ...
Registered in 0.001125 seconds.
Begin MonoManager ReloadAssembly
Native extension for LinuxStandalone target not found
Native extension for WindowsStandalone target not found
Native extension for OSXStandalone target not found
Native extension for WebGL target not found
Refreshing native plugins compatible for Editor in 0.30 ms, found 1 plugins.
Preloading 0 native plugins for Editor in 0.00 ms.
Invoked RoslynAnalysisRunner static constructor.
RoslynAnalysisRunner will not be running.
RoslynAnalysisRunner has terminated.
Mono: successfully reloaded assembly
- Completed reload, in  1.374 seconds
Platform modules already initialized, skipping
Refreshing native plugins compatible for Editor in 0.39 ms, found 1 plugins.
Preloading 0 native plugins for Editor in 0.00 ms.
Unloading 1785 Unused Serialized files (Serialized files now loaded: 0)
System memory in use before: 87.4 MB.
System memory in use after: 87.4 MB.

Unloading 12 unused Assets to reduce memory usage. Loaded Objects now: 2267.
Total: 2.311400 ms (FindLiveObjects: 0.208900 ms CreateObjectMapping: 0.074800 ms MarkObjects: 1.922000 ms  DeleteObjects: 0.103800 ms)

========================================================================
Received Prepare
Registering precompiled user dll's ...
Registered in 0.002383 seconds.
Begin MonoManager ReloadAssembly
Native extension for LinuxStandalone target not found
Native extension for WindowsStandalone target not found
Native extension for OSXStandalone target not found
Native extension for WebGL target not found
Refreshing native plugins compatible for Editor in 0.31 ms, found 1 plugins.
Preloading 0 native plugins for Editor in 0.00 ms.
Invoked RoslynAnalysisRunner static constructor.
RoslynAnalysisRunner will not be running.
RoslynAnalysisRunner has terminated.
Mono: successfully reloaded assembly
- Completed reload, in  1.126 seconds
Platform modules already initialized, skipping
Refreshing native plugins compatible for Editor in 0.30 ms, found 1 plugins.
Preloading 0 native plugins for Editor in 0.00 ms.
Unloading 1785 Unused Serialized files (Serialized files now loaded: 0)
System memory in use before: 87.4 MB.
System memory in use after: 87.4 MB.

Unloading 12 unused Assets to reduce memory usage. Loaded Objects now: 2270.
Total: 2.495400 ms (FindLiveObjects: 0.333900 ms CreateObjectMapping: 0.187400 ms MarkObjects: 1.767900 ms  DeleteObjects: 0.205000 ms)

========================================================================
Received Import Request.
  Time since last request: 176.037127 seconds.
  path: Assets/Scripts/porcentajeCarga.cs
  artifactKey: Guid(39b0cd92055731a43b6122784035237a) Importer(815301076,1909f56bfc062723c751e8b465ee728b)
Start importing Assets/Scripts/porcentajeCarga.cs using Guid(39b0cd92055731a43b6122784035237a) Importer(815301076,1909f56bfc062723c751e8b465ee728b)  -> (artifact id: 'f994c910045d88bdeb84f6080a2cdde9') in 0.009446 seconds
  Import took 0.013095 seconds .

========================================================================
Received Import Request.
  Time since last request: 0.055403 seconds.
  path: Assets/Scripts/porcentajeCarga.cs
  artifactKey: Guid(39b0cd92055731a43b6122784035237a) Importer(815301076,1909f56bfc062723c751e8b465ee728b)
Start importing Assets/Scripts/porcentajeCarga.cs using Guid(39b0cd92055731a43b6122784035237a) Importer(815301076,1909f56bfc062723c751e8b465ee728b)  -> (artifact id: 'f994c910045d88bdeb84f6080a2cdde9') in 0.013165 seconds
  Import took 0.017230 seconds .

========================================================================
Received Prepare
Registering precompiled user dll's ...
Registered in 0.001031 seconds.
Begin MonoManager ReloadAssembly
Native extension for LinuxStandalone target not found
Native extension for WindowsStandalone target not found
Native extension for OSXStandalone target not found
Native extension for WebGL target not found
Refreshing native plugins compatible for Editor in 0.60 ms, found 1 plugins.
Preloading 0 native plugins for Editor in 0.00 ms.
Invoked RoslynAnalysisRunner static constructor.
RoslynAnalysisRunner will not be running.
RoslynAnalysisRunner has terminated.
Mono: successfully reloaded assembly
- Completed reload, in  1.107 seconds
Platform modules already initialized, skipping
Refreshing native plugins compatible for Editor in 0.82 ms, found 1 plugins.
Preloading 0 native plugins for Editor in 0.00 ms.
Unloading 1785 Unused Serialized files (Serialized files now loaded: 0)
System memory in use before: 87.5 MB.
System memory in use after: 87.4 MB.

Unloading 12 unused Assets to reduce memory usage. Loaded Objects now: 2273.
Total: 2.868000 ms (FindLiveObjects: 0.315100 ms CreateObjectMapping: 0.103900 ms MarkObjects: 2.315800 ms  DeleteObjects: 0.131100 ms)

========================================================================
Received Import Request.
  Time since last request: 85.254778 seconds.
  path: Assets/Scripts/porcentajeCarga.cs
  artifactKey: Guid(39b0cd92055731a43b6122784035237a) Importer(815301076,1909f56bfc062723c751e8b465ee728b)
Start importing Assets/Scripts/porcentajeCarga.cs using Guid(39b0cd92055731a43b6122784035237a) Importer(815301076,1909f56bfc062723c751e8b465ee728b)  -> (artifact id: '78284ae01125b68eb648c6c6be6cd30d') in 0.006533 seconds
  Import took 0.010271 seconds .

========================================================================
Received Prepare
Registering precompiled user dll's ...
Registered in 0.001153 seconds.
Begin MonoManager ReloadAssembly
Native extension for LinuxStandalone target not found
Native extension for WindowsStandalone target not found
Native extension for OSXStandalone target not found
Native extension for WebGL target not found
Refreshing native plugins compatible for Editor in 0.48 ms, found 1 plugins.
Preloading 0 native plugins for Editor in 0.00 ms.
Invoked RoslynAnalysisRunner static constructor.
RoslynAnalysisRunner will not be running.
RoslynAnalysisRunner has terminated.
Mono: successfully reloaded assembly
- Completed reload, in  1.184 seconds
Platform modules already initialized, skipping
Refreshing native plugins compatible for Editor in 0.76 ms, found 1 plugins.
Preloading 0 native plugins for Editor in 0.00 ms.
Unloading 1785 Unused Serialized files (Serialized files now loaded: 0)
System memory in use before: 87.5 MB.
System memory in use after: 87.5 MB.

Unloading 12 unused Assets to reduce memory usage. Loaded Objects now: 2276.
Total: 2.357500 ms (FindLiveObjects: 0.248800 ms CreateObjectMapping: 0.100700 ms MarkObjects: 1.868500 ms  DeleteObjects: 0.137900 ms)

========================================================================
Received Prepare
Registering precompiled user dll's ...
Registered in 0.086638 seconds.
Begin MonoManager ReloadAssembly
Native extension for LinuxStandalone target not found
Native extension for WindowsStandalone target not found
Native extension for OSXStandalone target not found
Native extension for WebGL target not found
Refreshing native plugins compatible for Editor in 0.51 ms, found 1 plugins.
Preloading 0 native plugins for Editor in 0.00 ms.
Invoked RoslynAnalysisRunner static constructor.
RoslynAnalysisRunner will not be running.
RoslynAnalysisRunner has terminated.
Mono: successfully reloaded assembly
- Completed reload, in 11.784 seconds
Platform modules already initialized, skipping
Refreshing native plugins compatible for Editor in 0.78 ms, found 1 plugins.
Preloading 0 native plugins for Editor in 0.00 ms.
Unloading 1785 Unused Serialized files (Serialized files now loaded: 0)
System memory in use before: 87.6 MB.
System memory in use after: 87.6 MB.

Unloading 12 unused Assets to reduce memory usage. Loaded Objects now: 2279.
Total: 3.091600 ms (FindLiveObjects: 0.361700 ms CreateObjectMapping: 0.117400 ms MarkObjects: 2.392700 ms  DeleteObjects: 0.218400 ms)

========================================================================
Received Import Request.
  Time since last request: 2814.255062 seconds.
  path: Assets/Scripts/disminuirPorcentaje.cs
  artifactKey: Guid(bfbef0e82b37946438874dd36eb80109) Importer(815301076,1909f56bfc062723c751e8b465ee728b)
Start importing Assets/Scripts/disminuirPorcentaje.cs using Guid(bfbef0e82b37946438874dd36eb80109) Importer(815301076,1909f56bfc062723c751e8b465ee728b)  -> (artifact id: 'ae13cd3424b4a81def8493d4aaf49636') in 0.405252 seconds
  Import took 0.542250 seconds .

========================================================================
Received Prepare
Registering precompiled user dll's ...
Registered in 0.001115 seconds.
Begin MonoManager ReloadAssembly
Native extension for LinuxStandalone target not found
Native extension for WindowsStandalone target not found
Native extension for OSXStandalone target not found
Native extension for WebGL target not found
Refreshing native plugins compatible for Editor in 0.44 ms, found 1 plugins.
Preloading 0 native plugins for Editor in 0.00 ms.
Invoked RoslynAnalysisRunner static constructor.
RoslynAnalysisRunner will not be running.
RoslynAnalysisRunner has terminated.
Mono: successfully reloaded assembly
- Completed reload, in  1.880 seconds
Platform modules already initialized, skipping
Refreshing native plugins compatible for Editor in 0.95 ms, found 1 plugins.
Preloading 0 native plugins for Editor in 0.00 ms.
Unloading 1786 Unused Serialized files (Serialized files now loaded: 0)
System memory in use before: 87.7 MB.
System memory in use after: 87.7 MB.

Unloading 12 unused Assets to reduce memory usage. Loaded Objects now: 2283.
Total: 7.553600 ms (FindLiveObjects: 0.250500 ms CreateObjectMapping: 0.192600 ms MarkObjects: 7.001600 ms  DeleteObjects: 0.107400 ms)

========================================================================
Received Prepare
Registering precompiled user dll's ...
Registered in 0.005629 seconds.
Begin MonoManager ReloadAssembly
Native extension for LinuxStandalone target not found
Native extension for WindowsStandalone target not found
Native extension for OSXStandalone target not found
Native extension for WebGL target not found
Refreshing native plugins compatible for Editor in 0.44 ms, found 1 plugins.
Preloading 0 native plugins for Editor in 0.00 ms.
Invoked RoslynAnalysisRunner static constructor.
RoslynAnalysisRunner will not be running.
RoslynAnalysisRunner has terminated.
Mono: successfully reloaded assembly
- Completed reload, in  3.922 seconds
Platform modules already initialized, skipping
Refreshing native plugins compatible for Editor in 0.41 ms, found 1 plugins.
Preloading 0 native plugins for Editor in 0.00 ms.
Unloading 1786 Unused Serialized files (Serialized files now loaded: 0)
System memory in use before: 87.7 MB.
System memory in use after: 87.7 MB.

Unloading 12 unused Assets to reduce memory usage. Loaded Objects now: 2286.
Total: 15.692600 ms (FindLiveObjects: 0.247100 ms CreateObjectMapping: 0.085200 ms MarkObjects: 15.162200 ms  DeleteObjects: 0.194200 ms)

========================================================================
Received Prepare
Registering precompiled user dll's ...
Registered in 0.001161 seconds.
Begin MonoManager ReloadAssembly
Native extension for LinuxStandalone target not found
Native extension for WindowsStandalone target not found
Native extension for OSXStandalone target not found
Native extension for WebGL target not found
Refreshing native plugins compatible for Editor in 0.61 ms, found 1 plugins.
Preloading 0 native plugins for Editor in 0.00 ms.
Invoked RoslynAnalysisRunner static constructor.
RoslynAnalysisRunner will not be running.
RoslynAnalysisRunner has terminated.
Mono: successfully reloaded assembly
- Completed reload, in  1.102 seconds
Platform modules already initialized, skipping
Refreshing native plugins compatible for Editor in 0.41 ms, found 1 plugins.
Preloading 0 native plugins for Editor in 0.00 ms.
Unloading 1786 Unused Serialized files (Serialized files now loaded: 0)
System memory in use before: 87.8 MB.
System memory in use after: 87.8 MB.

Unloading 12 unused Assets to reduce memory usage. Loaded Objects now: 2289.
Total: 2.790700 ms (FindLiveObjects: 0.222500 ms CreateObjectMapping: 0.083900 ms MarkObjects: 2.357500 ms  DeleteObjects: 0.124600 ms)

========================================================================
Received Prepare
Registering precompiled user dll's ...
Registered in 0.001160 seconds.
Begin MonoManager ReloadAssembly
Native extension for LinuxStandalone target not found
Native extension for WindowsStandalone target not found
Native extension for OSXStandalone target not found
Native extension for WebGL target not found
Refreshing native plugins compatible for Editor in 0.41 ms, found 1 plugins.
Preloading 0 native plugins for Editor in 0.00 ms.
Invoked RoslynAnalysisRunner static constructor.
RoslynAnalysisRunner will not be running.
RoslynAnalysisRunner has terminated.
Mono: successfully reloaded assembly
- Completed reload, in  1.159 seconds
Platform modules already initialized, skipping
Refreshing native plugins compatible for Editor in 0.37 ms, found 1 plugins.
Preloading 0 native plugins for Editor in 0.00 ms.
Unloading 1786 Unused Serialized files (Serialized files now loaded: 0)
System memory in use before: 87.8 MB.
System memory in use after: 87.8 MB.

Unloading 12 unused Assets to reduce memory usage. Loaded Objects now: 2292.
Total: 3.646200 ms (FindLiveObjects: 0.338400 ms CreateObjectMapping: 0.102800 ms MarkObjects: 3.044700 ms  DeleteObjects: 0.158200 ms)

========================================================================
Received Prepare
Registering precompiled user dll's ...
Registered in 0.001649 seconds.
Begin MonoManager ReloadAssembly
Native extension for LinuxStandalone target not found
Native extension for WindowsStandalone target not found
Native extension for OSXStandalone target not found
Native extension for WebGL target not found
Refreshing native plugins compatible for Editor in 0.41 ms, found 1 plugins.
Preloading 0 native plugins for Editor in 0.00 ms.
Invoked RoslynAnalysisRunner static constructor.
RoslynAnalysisRunner will not be running.
RoslynAnalysisRunner has terminated.
Mono: successfully reloaded assembly
- Completed reload, in  1.453 seconds
Platform modules already initialized, skipping
Refreshing native plugins compatible for Editor in 0.40 ms, found 1 plugins.
Preloading 0 native plugins for Editor in 0.00 ms.
Unloading 1786 Unused Serialized files (Serialized files now loaded: 0)
System memory in use before: 87.9 MB.
System memory in use after: 87.9 MB.

Unloading 12 unused Assets to reduce memory usage. Loaded Objects now: 2295.
Total: 15.242100 ms (FindLiveObjects: 0.406300 ms CreateObjectMapping: 0.168500 ms MarkObjects: 2.577600 ms  DeleteObjects: 12.087100 ms)

========================================================================
Received Prepare
Registering precompiled user dll's ...
Registered in 0.001277 seconds.
Begin MonoManager ReloadAssembly
Native extension for LinuxStandalone target not found
Native extension for WindowsStandalone target not found
Native extension for OSXStandalone target not found
Native extension for WebGL target not found
Refreshing native plugins compatible for Editor in 0.42 ms, found 1 plugins.
Preloading 0 native plugins for Editor in 0.00 ms.
Invoked RoslynAnalysisRunner static constructor.
RoslynAnalysisRunner will not be running.
RoslynAnalysisRunner has terminated.
Mono: successfully reloaded assembly
- Completed reload, in  1.022 seconds
Platform modules already initialized, skipping
Refreshing native plugins compatible for Editor in 0.43 ms, found 1 plugins.
Preloading 0 native plugins for Editor in 0.00 ms.
Unloading 1786 Unused Serialized files (Serialized files now loaded: 0)
System memory in use before: 87.9 MB.
System memory in use after: 87.9 MB.

Unloading 12 unused Assets to reduce memory usage. Loaded Objects now: 2298.
Total: 2.913400 ms (FindLiveObjects: 0.331700 ms CreateObjectMapping: 0.115900 ms MarkObjects: 2.323800 ms  DeleteObjects: 0.139200 ms)

========================================================================
Received Prepare
Registering precompiled user dll's ...
Registered in 0.001486 seconds.
Begin MonoManager ReloadAssembly
Native extension for LinuxStandalone target not found
Native extension for WindowsStandalone target not found
Native extension for OSXStandalone target not found
Native extension for WebGL target not found
Refreshing native plugins compatible for Editor in 0.45 ms, found 1 plugins.
Preloading 0 native plugins for Editor in 0.00 ms.
Invoked RoslynAnalysisRunner static constructor.
RoslynAnalysisRunner will not be running.
RoslynAnalysisRunner has terminated.
Mono: successfully reloaded assembly
- Completed reload, in  1.014 seconds
Platform modules already initialized, skipping
Refreshing native plugins compatible for Editor in 0.59 ms, found 1 plugins.
Preloading 0 native plugins for Editor in 0.00 ms.
Unloading 1786 Unused Serialized files (Serialized files now loaded: 0)
System memory in use before: 88.0 MB.
System memory in use after: 88.0 MB.

Unloading 12 unused Assets to reduce memory usage. Loaded Objects now: 2301.
Total: 5.011100 ms (FindLiveObjects: 0.282100 ms CreateObjectMapping: 0.089000 ms MarkObjects: 4.524000 ms  DeleteObjects: 0.114100 ms)

========================================================================
Received Prepare
Registering precompiled user dll's ...
Registered in 0.001221 seconds.
Begin MonoManager ReloadAssembly
Native extension for LinuxStandalone target not found
Native extension for WindowsStandalone target not found
Native extension for OSXStandalone target not found
Native extension for WebGL target not found
Refreshing native plugins compatible for Editor in 0.42 ms, found 1 plugins.
Preloading 0 native plugins for Editor in 0.00 ms.
Invoked RoslynAnalysisRunner static constructor.
RoslynAnalysisRunner will not be running.
RoslynAnalysisRunner has terminated.
Mono: successfully reloaded assembly
- Completed reload, in  0.946 seconds
Platform modules already initialized, skipping
Refreshing native plugins compatible for Editor in 0.63 ms, found 1 plugins.
Preloading 0 native plugins for Editor in 0.00 ms.
Unloading 1786 Unused Serialized files (Serialized files now loaded: 0)
System memory in use before: 88.1 MB.
System memory in use after: 88.1 MB.

Unloading 12 unused Assets to reduce memory usage. Loaded Objects now: 2304.
Total: 2.718600 ms (FindLiveObjects: 0.237200 ms CreateObjectMapping: 0.082200 ms MarkObjects: 2.273200 ms  DeleteObjects: 0.124200 ms)

========================================================================
Received Prepare
Registering precompiled user dll's ...
Registered in 0.001654 seconds.
Begin MonoManager ReloadAssembly
Native extension for LinuxStandalone target not found
Native extension for WindowsStandalone target not found
Native extension for OSXStandalone target not found
Native extension for WebGL target not found
Refreshing native plugins compatible for Editor in 0.42 ms, found 1 plugins.
Preloading 0 native plugins for Editor in 0.00 ms.
Invoked RoslynAnalysisRunner static constructor.
RoslynAnalysisRunner will not be running.
RoslynAnalysisRunner has terminated.
Mono: successfully reloaded assembly
- Completed reload, in  0.923 seconds
Platform modules already initialized, skipping
Refreshing native plugins compatible for Editor in 0.40 ms, found 1 plugins.
Preloading 0 native plugins for Editor in 0.00 ms.
Unloading 1786 Unused Serialized files (Serialized files now loaded: 0)
System memory in use before: 88.2 MB.
System memory in use after: 88.2 MB.

Unloading 12 unused Assets to reduce memory usage. Loaded Objects now: 2307.
Total: 2.771100 ms (FindLiveObjects: 0.453900 ms CreateObjectMapping: 0.101600 ms MarkObjects: 2.071700 ms  DeleteObjects: 0.140900 ms)

========================================================================
Received Prepare
Registering precompiled user dll's ...
Registered in 0.001167 seconds.
Begin MonoManager ReloadAssembly
Native extension for LinuxStandalone target not found
Native extension for WindowsStandalone target not found
Native extension for OSXStandalone target not found
Native extension for WebGL target not found
Refreshing native plugins compatible for Editor in 0.75 ms, found 1 plugins.
Preloading 0 native plugins for Editor in 0.00 ms.
Invoked RoslynAnalysisRunner static constructor.
RoslynAnalysisRunner will not be running.
RoslynAnalysisRunner has terminated.
Mono: successfully reloaded assembly
- Completed reload, in  0.945 seconds
Platform modules already initialized, skipping
Refreshing native plugins compatible for Editor in 0.74 ms, found 1 plugins.
Preloading 0 native plugins for Editor in 0.00 ms.
Unloading 1786 Unused Serialized files (Serialized files now loaded: 0)
System memory in use before: 88.2 MB.
System memory in use after: 88.2 MB.

Unloading 12 unused Assets to reduce memory usage. Loaded Objects now: 2310.
Total: 2.291300 ms (FindLiveObjects: 0.245800 ms CreateObjectMapping: 0.081000 ms MarkObjects: 1.857800 ms  DeleteObjects: 0.104800 ms)

========================================================================
Received Prepare
Registering precompiled user dll's ...
Registered in 0.001201 seconds.
Begin MonoManager ReloadAssembly
Native extension for LinuxStandalone target not found
Native extension for WindowsStandalone target not found
Native extension for OSXStandalone target not found
Native extension for WebGL target not found
Refreshing native plugins compatible for Editor in 0.42 ms, found 1 plugins.
Preloading 0 native plugins for Editor in 0.00 ms.
Invoked RoslynAnalysisRunner static constructor.
RoslynAnalysisRunner will not be running.
RoslynAnalysisRunner has terminated.
Mono: successfully reloaded assembly
- Completed reload, in  0.938 seconds
Platform modules already initialized, skipping
Refreshing native plugins compatible for Editor in 0.53 ms, found 1 plugins.
Preloading 0 native plugins for Editor in 0.00 ms.
Unloading 1786 Unused Serialized files (Serialized files now loaded: 0)
System memory in use before: 88.3 MB.
System memory in use after: 88.3 MB.

Unloading 12 unused Assets to reduce memory usage. Loaded Objects now: 2313.
Total: 2.635300 ms (FindLiveObjects: 0.295000 ms CreateObjectMapping: 0.097500 ms MarkObjects: 2.120900 ms  DeleteObjects: 0.119900 ms)

========================================================================
Received Import Request.
  Time since last request: 3210.979899 seconds.
  path: Assets/Scenes/player.unity
  artifactKey: Guid(f9caecab2412372479c4fd76342bc918) Importer(815301076,1909f56bfc062723c751e8b465ee728b)
Start importing Assets/Scenes/player.unity using Guid(f9caecab2412372479c4fd76342bc918) Importer(815301076,1909f56bfc062723c751e8b465ee728b)  -> (artifact id: 'd44d4340e43e855accb572f96db65b9c') in 0.186221 seconds
  Import took 0.215958 seconds .

========================================================================
Received Prepare
Registering precompiled user dll's ...
Registered in 0.001155 seconds.
Begin MonoManager ReloadAssembly
Native extension for LinuxStandalone target not found
Native extension for WindowsStandalone target not found
Native extension for OSXStandalone target not found
Native extension for WebGL target not found
Refreshing native plugins compatible for Editor in 0.52 ms, found 1 plugins.
Preloading 0 native plugins for Editor in 0.00 ms.
Invoked RoslynAnalysisRunner static constructor.
RoslynAnalysisRunner will not be running.
RoslynAnalysisRunner has terminated.
Mono: successfully reloaded assembly
- Completed reload, in  0.978 seconds
Platform modules already initialized, skipping
Refreshing native plugins compatible for Editor in 0.48 ms, found 1 plugins.
Preloading 0 native plugins for Editor in 0.00 ms.
Unloading 1786 Unused Serialized files (Serialized files now loaded: 0)
System memory in use before: 88.3 MB.
System memory in use after: 88.3 MB.

Unloading 12 unused Assets to reduce memory usage. Loaded Objects now: 2316.
Total: 2.349400 ms (FindLiveObjects: 0.244200 ms CreateObjectMapping: 0.096800 ms MarkObjects: 1.897200 ms  DeleteObjects: 0.109800 ms)

========================================================================
Received Import Request.
  Time since last request: 71.488300 seconds.
  path: Assets/Scenes/PantallaDeCargaBase.unity
  artifactKey: Guid(8e53df570cab828459c15126359a3637) Importer(815301076,1909f56bfc062723c751e8b465ee728b)
Start importing Assets/Scenes/PantallaDeCargaBase.unity using Guid(8e53df570cab828459c15126359a3637) Importer(815301076,1909f56bfc062723c751e8b465ee728b)  -> (artifact id: 'ba34c69b6c43e374f0fc5e419db0603b') in 0.021334 seconds
  Import took 0.025767 seconds .

========================================================================
Received Prepare
Registering precompiled user dll's ...
Registered in 0.001310 seconds.
Begin MonoManager ReloadAssembly
Native extension for LinuxStandalone target not found
Native extension for WindowsStandalone target not found
Native extension for OSXStandalone target not found
Native extension for WebGL target not found
Refreshing native plugins compatible for Editor in 0.41 ms, found 1 plugins.
Preloading 0 native plugins for Editor in 0.00 ms.
Invoked RoslynAnalysisRunner static constructor.
RoslynAnalysisRunner will not be running.
RoslynAnalysisRunner has terminated.
Mono: successfully reloaded assembly
- Completed reload, in  0.922 seconds
Platform modules already initialized, skipping
Refreshing native plugins compatible for Editor in 0.50 ms, found 1 plugins.
Preloading 0 native plugins for Editor in 0.00 ms.
Unloading 1786 Unused Serialized files (Serialized files now loaded: 0)
System memory in use before: 88.4 MB.
System memory in use after: 88.4 MB.

Unloading 12 unused Assets to reduce memory usage. Loaded Objects now: 2319.
Total: 2.610300 ms (FindLiveObjects: 0.291900 ms CreateObjectMapping: 0.193000 ms MarkObjects: 2.010100 ms  DeleteObjects: 0.113900 ms)

========================================================================
Received Prepare
Registering precompiled user dll's ...
Registered in 0.002679 seconds.
Begin MonoManager ReloadAssembly
Native extension for LinuxStandalone target not found
Native extension for WindowsStandalone target not found
Native extension for OSXStandalone target not found
Native extension for WebGL target not found
Refreshing native plugins compatible for Editor in 0.42 ms, found 1 plugins.
Preloading 0 native plugins for Editor in 0.00 ms.
Invoked RoslynAnalysisRunner static constructor.
RoslynAnalysisRunner will not be running.
RoslynAnalysisRunner has terminated.
Mono: successfully reloaded assembly
- Completed reload, in  1.004 seconds
Platform modules already initialized, skipping
Refreshing native plugins compatible for Editor in 0.47 ms, found 1 plugins.
Preloading 0 native plugins for Editor in 0.00 ms.
Unloading 1786 Unused Serialized files (Serialized files now loaded: 0)
System memory in use before: 88.5 MB.
System memory in use after: 88.5 MB.

Unloading 12 unused Assets to reduce memory usage. Loaded Objects now: 2322.
Total: 2.715600 ms (FindLiveObjects: 0.257700 ms CreateObjectMapping: 0.085700 ms MarkObjects: 2.250900 ms  DeleteObjects: 0.119700 ms)

========================================================================
Received Prepare
Registering precompiled user dll's ...
Registered in 6.289900 seconds.
Begin MonoManager ReloadAssembly
Native extension for LinuxStandalone target not found
Native extension for WindowsStandalone target not found
Native extension for OSXStandalone target not found
Native extension for WebGL target not found
Refreshing native plugins compatible for Editor in 0.94 ms, found 1 plugins.
Preloading 0 native plugins for Editor in 0.00 ms.
Invoked RoslynAnalysisRunner static constructor.
RoslynAnalysisRunner will not be running.
RoslynAnalysisRunner has terminated.
Mono: successfully reloaded assembly
- Completed reload, in 10.118 seconds
Platform modules already initialized, skipping
Refreshing native plugins compatible for Editor in 0.42 ms, found 1 plugins.
Preloading 0 native plugins for Editor in 0.00 ms.
Unloading 1786 Unused Serialized files (Serialized files now loaded: 0)
System memory in use before: 88.5 MB.
System memory in use after: 88.5 MB.

Unloading 12 unused Assets to reduce memory usage. Loaded Objects now: 2325.
Total: 8.442200 ms (FindLiveObjects: 0.619000 ms CreateObjectMapping: 0.112100 ms MarkObjects: 6.952600 ms  DeleteObjects: 0.756300 ms)

========================================================================
Received Import Request.
  Time since last request: 3422.694500 seconds.
  path: Assets/Scripts/puntuacion.cs
  artifactKey: Guid(5dd10f04e0fb26a43bc1fcb19449d83c) Importer(815301076,1909f56bfc062723c751e8b465ee728b)
Start importing Assets/Scripts/puntuacion.cs using Guid(5dd10f04e0fb26a43bc1fcb19449d83c) Importer(815301076,1909f56bfc062723c751e8b465ee728b)  -> (artifact id: '0a518658b67b51e6ddccb9cecf81e82b') in 0.126026 seconds
  Import took 0.130716 seconds .

========================================================================
Received Prepare
Registering precompiled user dll's ...
Registered in 0.002632 seconds.
Begin MonoManager ReloadAssembly
Native extension for LinuxStandalone target not found
Native extension for WindowsStandalone target not found
Native extension for OSXStandalone target not found
Native extension for WebGL target not found
Refreshing native plugins compatible for Editor in 68.79 ms, found 1 plugins.
Preloading 0 native plugins for Editor in 0.00 ms.
Invoked RoslynAnalysisRunner static constructor.
RoslynAnalysisRunner will not be running.
RoslynAnalysisRunner has terminated.
Mono: successfully reloaded assembly
- Completed reload, in 55.776 seconds
Platform modules already initialized, skipping
Refreshing native plugins compatible for Editor in 0.97 ms, found 1 plugins.
Preloading 0 native plugins for Editor in 0.00 ms.
Unloading 1787 Unused Serialized files (Serialized files now loaded: 0)
System memory in use before: 88.6 MB.
System memory in use after: 88.6 MB.

Unloading 12 unused Assets to reduce memory usage. Loaded Objects now: 2329.
Total: 50.467000 ms (FindLiveObjects: 0.930800 ms CreateObjectMapping: 0.287900 ms MarkObjects: 48.251900 ms  DeleteObjects: 0.994200 ms)

========================================================================
Received Import Request.
  Time since last request: 1019.723067 seconds.
  path: Assets/Scripts/puntuacion.cs
  artifactKey: Guid(5dd10f04e0fb26a43bc1fcb19449d83c) Importer(815301076,1909f56bfc062723c751e8b465ee728b)
Start importing Assets/Scripts/puntuacion.cs using Guid(5dd10f04e0fb26a43bc1fcb19449d83c) Importer(815301076,1909f56bfc062723c751e8b465ee728b)  -> (artifact id: '69df8ab760597affbdd712724da7b480') in 0.045722 seconds
  Import took 0.107790 seconds .

AssetImportWorkerClient::OnTransportError - code=2 error=End of file
